<?xml version="1.0" encoding="UTF-8"?>
<!-- Generated by org.testng.reporters.JUnitReportReporter -->
<testsuite hostname="PRITI-LAPTOP" failures="0" tests="4" name="com.dictionary.DictionaryAppTest" time="0.992" errors="0" timestamp="2025-05-19T16:10:22 IST" skipped="0">
  <testcase classname="com.dictionary.DictionaryAppTest" name="testAnagram" time="0.036"/>
  <testcase classname="com.dictionary.DictionaryAppTest" name="testPalindrome" time="0.003"/>
  <testcase classname="com.dictionary.DictionaryAppTest" name="testInvalidWord" time="0.923"/>
  <testcase classname="com.dictionary.DictionaryAppTest" name="testValidWord" time="0.030"/>
</testsuite> <!-- com.dictionary.DictionaryAppTest -->
